<?xml version="1.0" encoding="UTF-8"?>
<testsuite name="test.collective.workflow.WorkSchedulerTest" tests="1" skipped="0" failures="0" errors="0" timestamp="2025-02-07T02:18:42" hostname="engr2-1-64-dhcp.int.colorado.edu" time="0.257">
  <properties/>
  <testcase name="testScheduler" classname="test.collective.workflow.WorkSchedulerTest" time="0.257"/>
  <system-out><![CDATA[]]></system-out>
  <system-err><![CDATA[[Test worker] INFO io.collective.workflow.WorkScheduler - scheduling worker noop-worker
[pool-1-thread-1] INFO io.collective.workflow.NoopWorkFinder - finding work.
[pool-1-thread-1] INFO io.collective.workflow.WorkScheduler - found work for noop-worker
[pool-2-thread-1] INFO io.collective.workflow.NoopWorker - doing work. task-name task-value
[pool-2-thread-1] INFO io.collective.workflow.NoopWorkFinder - marking work complete.
[pool-2-thread-1] INFO io.collective.workflow.WorkScheduler - completed work.
]]></system-err>
</testsuite>
