<?xml version="1.0" encoding="UTF-8"?>
<testsuite name="test.collective.rss.RSSTest" tests="1" skipped="0" failures="0" errors="0" timestamp="2025-02-07T02:18:40" hostname="engr2-1-64-dhcp.int.colorado.edu" time="0.142">
  <properties/>
  <testcase name="rss" classname="test.collective.rss.RSSTest" time="0.142"/>
  <system-out><![CDATA[]]></system-out>
  <system-err><![CDATA[]]></system-err>
</testsuite>
