<?xml version="1.0" encoding="UTF-8"?>
<testsuite name="test.collective.endpoints.EndpointWorkFinderTest" tests="1" skipped="0" failures="0" errors="0" timestamp="2025-02-07T02:17:29" hostname="engr2-1-64-dhcp.int.colorado.edu" time="0.002">
  <properties/>
  <testcase name="finder" classname="test.collective.endpoints.EndpointWorkFinderTest" time="0.002"/>
  <system-out><![CDATA[]]></system-out>
  <system-err><![CDATA[]]></system-err>
</testsuite>
