<?xml version="1.0" encoding="UTF-8"?>
<testsuite name="test.collective.articles.ArticleDataGatewayTest" tests="1" skipped="0" failures="0" errors="0" timestamp="2025-02-07T01:59:48" hostname="engr2-1-64-dhcp.int.colorado.edu" time="0.0">
  <properties/>
  <testcase name="findAll" classname="test.collective.articles.ArticleDataGatewayTest" time="0.0"/>
  <system-out><![CDATA[]]></system-out>
  <system-err><![CDATA[]]></system-err>
</testsuite>
