<?xml version="1.0" encoding="UTF-8"?>
<testsuite name="test.collective.articles.ArticlesControllerTest" tests="2" skipped="0" failures="0" errors="0" timestamp="2025-02-07T01:59:48" hostname="engr2-1-64-dhcp.int.colorado.edu" time="0.365">
  <properties/>
  <testcase name="findAll" classname="test.collective.articles.ArticlesControllerTest" time="0.353"/>
  <testcase name="findAvailable" classname="test.collective.articles.ArticlesControllerTest" time="0.011"/>
  <system-out><![CDATA[]]></system-out>
  <system-err><![CDATA[[Test worker] INFO org.eclipse.jetty.util.log - Logging initialized @351ms
[Test worker] INFO test.collective.articles.ArticlesControllerTest$1 - App started.
[Test worker] INFO org.eclipse.jetty.server.Server - jetty-9.3.0.M2
[Test worker] INFO org.eclipse.jetty.server.ServerConnector - Started ServerConnector@7d61eb55{HTTP/1.1,[http/1.1]}{0.0.0.0:8888}
[Test worker] INFO org.eclipse.jetty.server.Server - Started @458ms
[Test worker] INFO test.collective.articles.ArticlesControllerTest$1 - App stopped.
[Test worker] INFO org.eclipse.jetty.server.ServerConnector - Stopped ServerConnector@7d61eb55{HTTP/1.1,[http/1.1]}{0.0.0.0:8888}
[Test worker] INFO test.collective.articles.ArticlesControllerTest$1 - App started.
[Test worker] INFO org.eclipse.jetty.server.Server - jetty-9.3.0.M2
[Test worker] INFO org.eclipse.jetty.server.ServerConnector - Started ServerConnector@4504d271{HTTP/1.1,[http/1.1]}{0.0.0.0:8888}
[Test worker] INFO org.eclipse.jetty.server.Server - Started @685ms
[Test worker] INFO test.collective.articles.ArticlesControllerTest$1 - App stopped.
[Test worker] INFO org.eclipse.jetty.server.ServerConnector - Stopped ServerConnector@4504d271{HTTP/1.1,[http/1.1]}{0.0.0.0:8888}
]]></system-err>
</testsuite>
